<?xml version="1.0" encoding="UTF-8"?>
<!-- Generated by org.testng.reporters.JUnitReportReporter -->
<testsuite hostname="DESKTOP-1M8LC7B" failures="0" tests="1" name="qaclickAcademy.Mavenjava.UITest" time="0.014" errors="0" timestamp="14 Jul 2021 10:42:55 GMT" skipped="0">
  <testcase classname="qaclickAcademy.Mavenjava.UITest" name="ty" time="0.014"/>
</testsuite> <!-- qaclickAcademy.Mavenjava.UITest -->
