<?xml version="1.0" encoding="UTF-8"?>
<!-- Generated by org.testng.reporters.JUnitReportReporter -->
<testsuite hostname="DESKTOP-1M8LC7B" failures="0" tests="1" name="qaclickAcademy.Mavenjava.AppmumTest" time="0.000" errors="0" timestamp="14 Jul 2021 10:42:55 GMT" skipped="0">
  <testcase classname="qaclickAcademy.Mavenjava.AppmumTest" name="m1" time="0.000"/>
</testsuite> <!-- qaclickAcademy.Mavenjava.AppmumTest -->
